Compiled jquery.js  (2ms)  (pid 5052)
Compiled jquery_ujs.js  (0ms)  (pid 5052)
Compiled fixtures.js  (358ms)  (pid 5052)
Compiled info.js  (154ms)  (pid 5052)
Compiled players.js  (156ms)  (pid 5052)
Compiled results.js  (157ms)  (pid 5052)
Compiled teams.js  (250ms)  (pid 5052)
Compiled application.js  (1214ms)  (pid 5052)
Compiled fixtures.css  (22ms)  (pid 5052)
Compiled info.css  (2ms)  (pid 5052)
Compiled players.css  (3ms)  (pid 5052)
Compiled results.css  (1ms)  (pid 5052)
Compiled scaffolds.css  (12ms)  (pid 5052)
Compiled teams.css  (2ms)  (pid 5052)
Compiled application.css  (138ms)  (pid 5052)
Compiled jquery.js  (0ms)  (pid 4880)
Compiled jquery_ujs.js  (0ms)  (pid 4880)
Compiled fixtures.js  (341ms)  (pid 4880)
Compiled info.js  (158ms)  (pid 4880)
Compiled players.js  (107ms)  (pid 4880)
Compiled results.js  (157ms)  (pid 4880)
Compiled teams.js  (238ms)  (pid 4880)
Compiled application.js  (1173ms)  (pid 4880)
Compiled fixtures.css  (19ms)  (pid 4880)
Compiled info.css  (1ms)  (pid 4880)
Compiled players.css  (3ms)  (pid 4880)
Compiled results.css  (1ms)  (pid 4880)
Compiled scaffolds.css  (11ms)  (pid 4880)
Compiled teams.css  (1ms)  (pid 4880)
Compiled application.css  (107ms)  (pid 4880)
Compiled jquery.js  (3ms)  (pid 3792)
Compiled jquery_ujs.js  (0ms)  (pid 3792)
Compiled fixtures.js  (468ms)  (pid 3792)
Compiled info.js  (121ms)  (pid 3792)
Compiled players.js  (146ms)  (pid 3792)
Compiled results.js  (139ms)  (pid 3792)
Compiled teams.js  (288ms)  (pid 3792)
Compiled application.js  (1321ms)  (pid 3792)
Compiled fixtures.css  (22ms)  (pid 3792)
Compiled info.css  (3ms)  (pid 3792)
Compiled players.css  (2ms)  (pid 3792)
Compiled results.css  (2ms)  (pid 3792)
Compiled scaffolds.css  (15ms)  (pid 3792)
Compiled teams.css  (2ms)  (pid 3792)
Compiled application.css  (156ms)  (pid 3792)
Compiled jquery.js  (2ms)  (pid 3996)
Compiled jquery_ujs.js  (0ms)  (pid 3996)
Compiled fixtures.js  (403ms)  (pid 3996)
Compiled info.js  (140ms)  (pid 3996)
Compiled players.js  (149ms)  (pid 3996)
Compiled results.js  (144ms)  (pid 3996)
Compiled teams.js  (281ms)  (pid 3996)
Compiled application.js  (1273ms)  (pid 3996)
Compiled fixtures.css  (22ms)  (pid 3996)
Compiled info.css  (1ms)  (pid 3996)
Compiled players.css  (2ms)  (pid 3996)
Compiled results.css  (2ms)  (pid 3996)
Compiled scaffolds.css  (12ms)  (pid 3996)
Compiled teams.css  (2ms)  (pid 3996)
Compiled application.css  (166ms)  (pid 3996)
Compiled jquery.js  (2ms)  (pid 5624)
Compiled jquery_ujs.js  (0ms)  (pid 5624)
Compiled fixtures.js  (385ms)  (pid 5624)
Compiled info.js  (152ms)  (pid 5624)
Compiled players.js  (141ms)  (pid 5624)
Compiled results.js  (133ms)  (pid 5624)
Compiled teams.js  (307ms)  (pid 5624)
Compiled application.js  (1237ms)  (pid 5624)
Compiled fixtures.css  (22ms)  (pid 5624)
Compiled info.css  (2ms)  (pid 5624)
Compiled players.css  (3ms)  (pid 5624)
Compiled results.css  (3ms)  (pid 5624)
Compiled scaffolds.css  (12ms)  (pid 5624)
Compiled teams.css  (1ms)  (pid 5624)
Compiled application.css  (140ms)  (pid 5624)
Compiled jquery.js  (5ms)  (pid 4556)
Compiled jquery_ujs.js  (0ms)  (pid 4556)
Compiled fixtures.js  (470ms)  (pid 4556)
Compiled info.js  (170ms)  (pid 4556)
Compiled players.js  (173ms)  (pid 4556)
Compiled results.js  (187ms)  (pid 4556)
Compiled teams.js  (351ms)  (pid 4556)
Compiled application.js  (1505ms)  (pid 4556)
Compiled fixtures.css  (20ms)  (pid 4556)
Compiled info.css  (2ms)  (pid 4556)
Compiled players.css  (4ms)  (pid 4556)
Compiled results.css  (2ms)  (pid 4556)
Compiled scaffolds.css  (12ms)  (pid 4556)
Compiled teams.css  (2ms)  (pid 4556)
Compiled application.css  (132ms)  (pid 4556)
Compiled jquery.js  (3ms)  (pid 7612)
Compiled jquery_ujs.js  (1ms)  (pid 7612)
Compiled fixtures.js  (379ms)  (pid 7612)
Compiled info.js  (156ms)  (pid 7612)
Compiled players.js  (141ms)  (pid 7612)
Compiled results.js  (130ms)  (pid 7612)
Compiled teams.js  (317ms)  (pid 7612)
Compiled application.js  (1263ms)  (pid 7612)
Compiled fixtures.css  (21ms)  (pid 7612)
Compiled info.css  (1ms)  (pid 7612)
Compiled players.css  (3ms)  (pid 7612)
Compiled results.css  (1ms)  (pid 7612)
Compiled scaffolds.css  (13ms)  (pid 7612)
Compiled teams.css  (2ms)  (pid 7612)
Compiled application.css  (147ms)  (pid 7612)
Compiled jquery.js  (3ms)  (pid 5732)
Compiled jquery_ujs.js  (0ms)  (pid 5732)
Compiled fixtures.js  (405ms)  (pid 5732)
Compiled info.js  (116ms)  (pid 5732)
Compiled players.js  (143ms)  (pid 5732)
Compiled results.js  (120ms)  (pid 5732)
Compiled teams.js  (309ms)  (pid 5732)
Compiled application.js  (1233ms)  (pid 5732)
Compiled fixtures.css  (19ms)  (pid 5732)
Compiled info.css  (0ms)  (pid 5732)
Compiled players.css  (5ms)  (pid 5732)
Compiled results.css  (5ms)  (pid 5732)
Compiled scaffolds.css  (10ms)  (pid 5732)
Compiled teams.css  (0ms)  (pid 5732)
Compiled application.css  (125ms)  (pid 5732)
Compiled jquery.js  (9ms)  (pid 6044)
Compiled jquery_ujs.js  (3ms)  (pid 6044)
Compiled fixtures.js  (2113ms)  (pid 6044)
Compiled info.js  (970ms)  (pid 6044)
Compiled jquery.js  (5ms)  (pid 2872)
Compiled jquery_ujs.js  (0ms)  (pid 2872)
Compiled fixtures.js  (1144ms)  (pid 2872)
Compiled info.js  (561ms)  (pid 2872)
Compiled players.js  (3ms)  (pid 2872)
Compiled results.js  (578ms)  (pid 2872)
Compiled teams.js  (692ms)  (pid 2872)
Compiled application.js  (3422ms)  (pid 2872)
Compiled jquery.js  (5ms)  (pid 6556)
Compiled jquery_ujs.js  (3ms)  (pid 6556)
Compiled fixtures.js  (1337ms)  (pid 6556)
Compiled info.js  (771ms)  (pid 6556)
Compiled players.js  (5ms)  (pid 6556)
Compiled results.js  (680ms)  (pid 6556)
Compiled teams.js  (733ms)  (pid 6556)
Compiled application.js  (3983ms)  (pid 6556)
Compiled jquery.js  (5ms)  (pid 5908)
Compiled jquery_ujs.js  (3ms)  (pid 5908)
Compiled fixtures.js  (1054ms)  (pid 5908)
Compiled info.js  (480ms)  (pid 5908)
Compiled players.js  (564ms)  (pid 5908)
Compiled results.js  (542ms)  (pid 5908)
Compiled teams.js  (680ms)  (pid 5908)
Compiled application.js  (3811ms)  (pid 5908)
Compiled fixtures.css  (49ms)  (pid 5908)
Compiled info.css  (3ms)  (pid 5908)
Compiled players.css  (3ms)  (pid 5908)
Compiled results.css  (3ms)  (pid 5908)
Compiled scaffolds.css  (17ms)  (pid 5908)
Compiled teams.css  (3ms)  (pid 5908)
Compiled application.css  (326ms)  (pid 5908)
Compiled jquery.js  (3ms)  (pid 5796)
Compiled jquery_ujs.js  (6ms)  (pid 5796)
Compiled fixtures.js  (1079ms)  (pid 5796)
Compiled info.js  (485ms)  (pid 5796)
Compiled players.js  (604ms)  (pid 5796)
Compiled results.js  (625ms)  (pid 5796)
Compiled teams.js  (758ms)  (pid 5796)
Compiled application.js  (4044ms)  (pid 5796)
Compiled fixtures.css  (56ms)  (pid 5796)
Compiled info.css  (2ms)  (pid 5796)
Compiled players.css  (3ms)  (pid 5796)
Compiled results.css  (3ms)  (pid 5796)
Compiled scaffolds.css  (17ms)  (pid 5796)
Compiled teams.css  (13ms)  (pid 5796)
Compiled application.css  (341ms)  (pid 5796)
Compiled jquery.js  (3ms)  (pid 6504)
Compiled jquery_ujs.js  (1ms)  (pid 6504)
Compiled fixtures.js  (995ms)  (pid 6504)
Compiled info.js  (476ms)  (pid 6504)
Compiled players.js  (583ms)  (pid 6504)
Compiled results.js  (473ms)  (pid 6504)
Compiled teams.js  (678ms)  (pid 6504)
Compiled application.js  (3636ms)  (pid 6504)
Compiled fixtures.css  (55ms)  (pid 6504)
Compiled info.css  (0ms)  (pid 6504)
Compiled players.css  (59ms)  (pid 6504)
Compiled results.css  (7ms)  (pid 6504)
Compiled scaffolds.css  (16ms)  (pid 6504)
Compiled teams.css  (3ms)  (pid 6504)
Compiled application.css  (435ms)  (pid 6504)
Compiled jquery.js  (2ms)  (pid 3644)
Compiled jquery_ujs.js  (0ms)  (pid 3644)
Compiled fixtures.js  (997ms)  (pid 3644)
Compiled info.js  (495ms)  (pid 3644)
Compiled players.js  (579ms)  (pid 3644)
Compiled results.js  (470ms)  (pid 3644)
Compiled teams.js  (689ms)  (pid 3644)
Compiled application.js  (3665ms)  (pid 3644)
Compiled fixtures.css  (49ms)  (pid 3644)
Compiled info.css  (0ms)  (pid 3644)
Compiled players.css  (4ms)  (pid 3644)
Compiled results.css  (4ms)  (pid 3644)
Compiled scaffolds.css  (19ms)  (pid 3644)
Compiled teams.css  (9ms)  (pid 3644)
Compiled application.css  (355ms)  (pid 3644)
Compiled jquery.js  (3ms)  (pid 5536)
Compiled jquery_ujs.js  (0ms)  (pid 5536)
Compiled fixtures.js  (1002ms)  (pid 5536)
Compiled info.js  (481ms)  (pid 5536)
Compiled players.js  (541ms)  (pid 5536)
Compiled results.js  (490ms)  (pid 5536)
Compiled teams.js  (705ms)  (pid 5536)
Compiled application.js  (3645ms)  (pid 5536)
Compiled fixtures.css  (49ms)  (pid 5536)
Compiled info.css  (3ms)  (pid 5536)
Compiled players.css  (3ms)  (pid 5536)
Compiled results.css  (3ms)  (pid 5536)
Compiled scaffolds.css  (25ms)  (pid 5536)
Compiled teams.css  (2ms)  (pid 5536)
Compiled application.css  (384ms)  (pid 5536)
Compiled jquery.js  (4ms)  (pid 3244)
Compiled jquery_ujs.js  (0ms)  (pid 3244)
Compiled fixtures.js  (1088ms)  (pid 3244)
Compiled info.js  (552ms)  (pid 3244)
Compiled players.js  (637ms)  (pid 3244)
Compiled results.js  (519ms)  (pid 3244)
Compiled teams.js  (757ms)  (pid 3244)
Compiled application.js  (4018ms)  (pid 3244)
Compiled fixtures.css  (85ms)  (pid 3244)
Compiled info.css  (0ms)  (pid 3244)
Compiled players.css  (4ms)  (pid 3244)
Compiled results.css  (4ms)  (pid 3244)
Compiled scaffolds.css  (10ms)  (pid 3244)
Compiled teams.css  (5ms)  (pid 3244)
Compiled application.css  (325ms)  (pid 3244)
Compiled jquery.js  (4ms)  (pid 7028)
Compiled jquery_ujs.js  (4ms)  (pid 7028)
Compiled fixtures.js  (990ms)  (pid 7028)
Compiled info.js  (470ms)  (pid 7028)
Compiled players.js  (565ms)  (pid 7028)
Compiled results.js  (490ms)  (pid 7028)
Compiled teams.js  (745ms)  (pid 7028)
Compiled application.js  (3727ms)  (pid 7028)
Compiled fixtures.css  (71ms)  (pid 7028)
Compiled info.css  (3ms)  (pid 7028)
Compiled players.css  (4ms)  (pid 7028)
Compiled results.css  (3ms)  (pid 7028)
Compiled scaffolds.css  (12ms)  (pid 7028)
Compiled teams.css  (3ms)  (pid 7028)
Compiled application.css  (312ms)  (pid 7028)
Compiled jquery.js  (4ms)  (pid 6104)
Compiled jquery_ujs.js  (0ms)  (pid 6104)
Compiled fixtures.js  (1048ms)  (pid 6104)
Compiled info.js  (470ms)  (pid 6104)
Compiled players.js  (539ms)  (pid 6104)
Compiled results.js  (500ms)  (pid 6104)
Compiled teams.js  (678ms)  (pid 6104)
Compiled application.js  (3666ms)  (pid 6104)
Compiled fixtures.css  (68ms)  (pid 6104)
Compiled info.css  (3ms)  (pid 6104)
Compiled players.css  (5ms)  (pid 6104)
Compiled results.css  (3ms)  (pid 6104)
Compiled scaffolds.css  (13ms)  (pid 6104)
Compiled teams.css  (2ms)  (pid 6104)
Compiled application.css  (308ms)  (pid 6104)
Compiled jquery.js  (7ms)  (pid 6180)
Compiled jquery_ujs.js  (0ms)  (pid 6180)
Compiled fixtures.js  (1382ms)  (pid 6180)
Compiled info.js  (567ms)  (pid 6180)
Compiled players.js  (713ms)  (pid 6180)
Compiled results.js  (539ms)  (pid 6180)
Compiled teams.js  (727ms)  (pid 6180)
Compiled application.js  (4455ms)  (pid 6180)
Compiled fixtures.css  (57ms)  (pid 6180)
Compiled info.css  (3ms)  (pid 6180)
Compiled players.css  (3ms)  (pid 6180)
Compiled results.css  (3ms)  (pid 6180)
Compiled scaffolds.css  (17ms)  (pid 6180)
Compiled teams.css  (3ms)  (pid 6180)
Compiled application.css  (294ms)  (pid 6180)
Compiled jquery.js  (3ms)  (pid 4804)
Compiled jquery_ujs.js  (5ms)  (pid 4804)
Compiled fixtures.js  (1017ms)  (pid 4804)
Compiled info.js  (480ms)  (pid 4804)
Compiled players.js  (708ms)  (pid 4804)
Compiled results.js  (512ms)  (pid 4804)
Compiled teams.js  (772ms)  (pid 4804)
Compiled application.js  (3905ms)  (pid 4804)
Compiled fixtures.css  (64ms)  (pid 4804)
Compiled info.css  (3ms)  (pid 4804)
Compiled players.css  (5ms)  (pid 4804)
Compiled results.css  (3ms)  (pid 4804)
Compiled scaffolds.css  (27ms)  (pid 4804)
Compiled teams.css  (3ms)  (pid 4804)
Compiled application.css  (370ms)  (pid 4804)
Compiled jquery.js  (3ms)  (pid 3524)
Compiled jquery_ujs.js  (0ms)  (pid 3524)
Compiled fixtures.js  (990ms)  (pid 3524)
Compiled info.js  (475ms)  (pid 3524)
Compiled players.js  (544ms)  (pid 3524)
Compiled results.js  (527ms)  (pid 3524)
Compiled teams.js  (720ms)  (pid 3524)
Compiled application.js  (3701ms)  (pid 3524)
Compiled fixtures.css  (61ms)  (pid 3524)
Compiled info.css  (3ms)  (pid 3524)
Compiled players.css  (3ms)  (pid 3524)
Compiled results.css  (3ms)  (pid 3524)
Compiled scaffolds.css  (12ms)  (pid 3524)
Compiled teams.css  (3ms)  (pid 3524)
Compiled application.css  (285ms)  (pid 3524)
Compiled jquery.js  (3ms)  (pid 6604)
Compiled jquery_ujs.js  (0ms)  (pid 6604)
Compiled fixtures.js  (1121ms)  (pid 6604)
Compiled info.js  (490ms)  (pid 6604)
Compiled players.js  (632ms)  (pid 6604)
Compiled results.js  (509ms)  (pid 6604)
Compiled teams.js  (676ms)  (pid 6604)
Compiled application.js  (3809ms)  (pid 6604)
Compiled fixtures.css  (70ms)  (pid 6604)
Compiled info.css  (2ms)  (pid 6604)
Compiled players.css  (7ms)  (pid 6604)
Compiled results.css  (3ms)  (pid 6604)
Compiled scaffolds.css  (17ms)  (pid 6604)
Compiled teams.css  (2ms)  (pid 6604)
Compiled application.css  (381ms)  (pid 6604)
Compiled jquery.js  (3ms)  (pid 3640)
Compiled jquery_ujs.js  (0ms)  (pid 3640)
Compiled fixtures.js  (1029ms)  (pid 3640)
Compiled info.js  (478ms)  (pid 3640)
Compiled players.js  (613ms)  (pid 3640)
Compiled results.js  (504ms)  (pid 3640)
Compiled teams.js  (709ms)  (pid 3640)
Compiled application.js  (3744ms)  (pid 3640)
Compiled fixtures.css  (58ms)  (pid 3640)
Compiled info.css  (4ms)  (pid 3640)
Compiled players.css  (5ms)  (pid 3640)
Compiled results.css  (1ms)  (pid 3640)
Compiled scaffolds.css  (12ms)  (pid 3640)
Compiled teams.css  (3ms)  (pid 3640)
Compiled application.css  (287ms)  (pid 3640)
Compiled jquery.js  (3ms)  (pid 6212)
Compiled jquery_ujs.js  (0ms)  (pid 6212)
Compiled fixtures.js  (906ms)  (pid 6212)
Compiled info.js  (459ms)  (pid 6212)
Compiled players.js  (516ms)  (pid 6212)
Compiled results.js  (503ms)  (pid 6212)
Compiled teams.js  (688ms)  (pid 6212)
Compiled application.js  (3485ms)  (pid 6212)
Compiled fixtures.css  (66ms)  (pid 6212)
Compiled info.css  (1ms)  (pid 6212)
Compiled players.css  (3ms)  (pid 6212)
Compiled results.css  (3ms)  (pid 6212)
Compiled scaffolds.css  (12ms)  (pid 6212)
Compiled teams.css  (1ms)  (pid 6212)
Compiled application.css  (281ms)  (pid 6212)
Compiled jquery.js  (3ms)  (pid 6396)
Compiled jquery_ujs.js  (0ms)  (pid 6396)
Compiled fixtures.js  (990ms)  (pid 6396)
Compiled info.js  (496ms)  (pid 6396)
Compiled players.js  (550ms)  (pid 6396)
Compiled results.js  (506ms)  (pid 6396)
Compiled teams.js  (671ms)  (pid 6396)
Compiled application.js  (3641ms)  (pid 6396)
Compiled fixtures.css  (49ms)  (pid 6396)
Compiled info.css  (3ms)  (pid 6396)
Compiled players.css  (6ms)  (pid 6396)
Compiled results.css  (3ms)  (pid 6396)
Compiled scaffolds.css  (12ms)  (pid 6396)
Compiled teams.css  (3ms)  (pid 6396)
Compiled application.css  (286ms)  (pid 6396)
Compiled jquery.js  (10ms)  (pid 6520)
Compiled jquery_ujs.js  (0ms)  (pid 6520)
Compiled fixtures.js  (1017ms)  (pid 6520)
Compiled info.js  (502ms)  (pid 6520)
Compiled players.js  (640ms)  (pid 6520)
Compiled results.js  (487ms)  (pid 6520)
Compiled teams.js  (764ms)  (pid 6520)
Compiled application.js  (3832ms)  (pid 6520)
Compiled fixtures.css  (54ms)  (pid 6520)
Compiled info.css  (1ms)  (pid 6520)
Compiled players.css  (3ms)  (pid 6520)
Compiled results.css  (4ms)  (pid 6520)
Compiled scaffolds.css  (22ms)  (pid 6520)
Compiled teams.css  (3ms)  (pid 6520)
Compiled application.css  (325ms)  (pid 6520)
Compiled jquery.js  (7ms)  (pid 5712)
Compiled jquery_ujs.js  (0ms)  (pid 5712)
Compiled fixtures.js  (1033ms)  (pid 5712)
Compiled info.js  (550ms)  (pid 5712)
Compiled players.js  (575ms)  (pid 5712)
Compiled results.js  (532ms)  (pid 5712)
Compiled teams.js  (696ms)  (pid 5712)
Compiled application.js  (3887ms)  (pid 5712)
Compiled fixtures.css  (51ms)  (pid 5712)
Compiled info.css  (3ms)  (pid 5712)
Compiled players.css  (3ms)  (pid 5712)
Compiled results.css  (3ms)  (pid 5712)
Compiled scaffolds.css  (13ms)  (pid 5712)
Compiled teams.css  (3ms)  (pid 5712)
Compiled application.css  (288ms)  (pid 5712)
Compiled jquery.js  (9ms)  (pid 6512)
Compiled jquery_ujs.js  (2ms)  (pid 6512)
Compiled fixtures.js  (990ms)  (pid 6512)
Compiled info.js  (517ms)  (pid 6512)
Compiled players.js  (603ms)  (pid 6512)
Compiled results.js  (516ms)  (pid 6512)
Compiled teams.js  (761ms)  (pid 6512)
Compiled application.js  (3853ms)  (pid 6512)
Compiled fixtures.css  (53ms)  (pid 6512)
Compiled info.css  (3ms)  (pid 6512)
Compiled players.css  (3ms)  (pid 6512)
Compiled results.css  (3ms)  (pid 6512)
Compiled scaffolds.css  (17ms)  (pid 6512)
Compiled teams.css  (2ms)  (pid 6512)
Compiled application.css  (325ms)  (pid 6512)
